<?xml version="1.0" encoding="UTF-8"?>
<!-- Generated by org.testng.reporters.JUnitXMLReporter -->
<testsuite hostname="LAPTOP-1016HSRS" ignored="0" name="Default test" tests="3" failures="0" timestamp="09 Feb 2020 18:33:24 GMT" time="2.91" errors="0">
  <testcase name="testParamsAndHeaders" time="1.845" classname="restAssuredTest.BasicValidations"/>
  <testcase name="testStatusCodeLogResponse" time="0.03" classname="restAssuredTest.BasicValidations"/>
  <testcase name="multipleContent" time="0.501" classname="restAssuredTest.BasicValidations"/>
</testsuite> <!-- Default test -->
