<?xml version="1.0" encoding="UTF-8"?>
<testng-results skipped="0" failed="0" ignored="0" total="3" passed="3">
  <reporter-output>
  </reporter-output>
  <suite name="Default suite" duration-ms="2910" started-at="2020-02-09T18:33:21Z" finished-at="2020-02-09T18:33:24Z">
    <groups>
    </groups>
    <test name="Default test" duration-ms="2910" started-at="2020-02-09T18:33:21Z" finished-at="2020-02-09T18:33:24Z">
      <class name="restAssuredTest.BasicValidations">
        <test-method status="PASS" signature="setUp()[pri:0, instance:restAssuredTest.BasicValidations@6d4b1c02]" name="setUp" is-config="true" duration-ms="487" started-at="2020-02-09T18:33:21Z" finished-at="2020-02-09T18:33:22Z">
          <reporter-output>
          </reporter-output>
        </test-method> <!-- setUp -->
        <test-method status="PASS" signature="testParamsAndHeaders()[pri:0, instance:restAssuredTest.BasicValidations@6d4b1c02]" name="testParamsAndHeaders" duration-ms="1845" started-at="2020-02-09T18:33:22Z" finished-at="2020-02-09T18:33:24Z">
          <reporter-output>
          </reporter-output>
        </test-method> <!-- testParamsAndHeaders -->
        <test-method status="PASS" signature="setUp()[pri:0, instance:restAssuredTest.BasicValidations@6d4b1c02]" name="setUp" is-config="true" duration-ms="1" started-at="2020-02-09T18:33:24Z" finished-at="2020-02-09T18:33:24Z">
          <reporter-output>
          </reporter-output>
        </test-method> <!-- setUp -->
        <test-method status="PASS" signature="testStatusCodeLogResponse()[pri:1, instance:restAssuredTest.BasicValidations@6d4b1c02]" name="testStatusCodeLogResponse" duration-ms="30" started-at="2020-02-09T18:33:24Z" finished-at="2020-02-09T18:33:24Z">
          <reporter-output>
          </reporter-output>
        </test-method> <!-- testStatusCodeLogResponse -->
        <test-method status="PASS" signature="setUp()[pri:0, instance:restAssuredTest.BasicValidations@6d4b1c02]" name="setUp" is-config="true" duration-ms="0" started-at="2020-02-09T18:33:24Z" finished-at="2020-02-09T18:33:24Z">
          <reporter-output>
          </reporter-output>
        </test-method> <!-- setUp -->
        <test-method status="PASS" signature="multipleContent()[pri:2, instance:restAssuredTest.BasicValidations@6d4b1c02]" name="multipleContent" duration-ms="501" started-at="2020-02-09T18:33:24Z" finished-at="2020-02-09T18:33:24Z">
          <reporter-output>
          </reporter-output>
        </test-method> <!-- multipleContent -->
      </class> <!-- restAssuredTest.BasicValidations -->
    </test> <!-- Default test -->
  </suite> <!-- Default suite -->
</testng-results>
