<?xml version="1.0" encoding="UTF-8"?>
<testng-results skipped="0" failed="0" ignored="0" total="1" passed="1">
  <reporter-output>
  </reporter-output>
  <suite name="Default suite" duration-ms="2281" started-at="2019-12-22T07:19:10Z" finished-at="2019-12-22T07:19:12Z">
    <groups>
    </groups>
    <test name="Default test" duration-ms="2281" started-at="2019-12-22T07:19:10Z" finished-at="2019-12-22T07:19:12Z">
      <class name="getRequest.DeleteData">
        <test-method status="PASS" signature="deleteTest()[pri:0, instance:getRequest.DeleteData@1593948d]" name="deleteTest" duration-ms="2242" started-at="2019-12-22T07:19:10Z" finished-at="2019-12-22T07:19:12Z">
          <reporter-output>
          </reporter-output>
        </test-method> <!-- deleteTest -->
      </class> <!-- getRequest.DeleteData -->
    </test> <!-- Default test -->
  </suite> <!-- Default suite -->
</testng-results>
